<?xml version="1.0" encoding="UTF-8"?>
<testng-results skipped="0" failed="0" total="2" passed="2">
  <reporter-output>
  </reporter-output>
  <suite name="mySuite" duration-ms="22" started-at="2019-03-16T11:57:21Z" finished-at="2019-03-16T11:57:21Z">
    <groups>
    </groups>
    <test name="mytest" duration-ms="22" started-at="2019-03-16T11:57:21Z" finished-at="2019-03-16T11:57:21Z">
      <class name="JTMaven.JTMaven.TestNG1">
        <test-method status="PASS" signature="f()[pri:0, instance:JTMaven.JTMaven.TestNG1@5e025e70]" name="f" duration-ms="6" started-at="2019-03-16T17:27:21Z" finished-at="2019-03-16T17:27:21Z">
          <reporter-output>
          </reporter-output>
        </test-method> <!-- f -->
      </class> <!-- JTMaven.JTMaven.TestNG1 -->
      <class name="JTMaven.JTMaven.TestNG2">
        <test-method status="PASS" signature="f()[pri:0, instance:JTMaven.JTMaven.TestNG2@649d209a]" name="f" duration-ms="1" started-at="2019-03-16T17:27:21Z" finished-at="2019-03-16T17:27:21Z">
          <reporter-output>
          </reporter-output>
        </test-method> <!-- f -->
      </class> <!-- JTMaven.JTMaven.TestNG2 -->
    </test> <!-- mytest -->
  </suite> <!-- mySuite -->
</testng-results>
